c:\users\utente\documents\github\openglproject\simpleopengltexturedloader\simpleopengltexturedloader\debug\vc143.pdb
c:\users\utente\documents\github\openglproject\simpleopengltexturedloader\simpleopengltexturedloader\debug\vc143.idb
c:\users\utente\documents\github\openglproject\simpleopengltexturedloader\simpleopengltexturedloader\debug\animations.obj
c:\users\utente\documents\github\openglproject\simpleopengltexturedloader\simpleopengltexturedloader\debug\bullet.obj
c:\users\utente\documents\github\openglproject\simpleopengltexturedloader\simpleopengltexturedloader\debug\enemy.obj
c:\users\utente\documents\github\openglproject\simpleopengltexturedloader\simpleopengltexturedloader\debug\file.obj
c:\users\utente\documents\github\openglproject\simpleopengltexturedloader\simpleopengltexturedloader\debug\keyboard.obj
c:\users\utente\documents\github\openglproject\simpleopengltexturedloader\simpleopengltexturedloader\debug\mouse.obj
c:\users\utente\documents\github\openglproject\simpleopengltexturedloader\simpleopengltexturedloader\debug\powerup.obj
c:\users\utente\documents\github\openglproject\simpleopengltexturedloader\simpleopengltexturedloader\debug\render.obj
c:\users\utente\documents\github\openglproject\simpleopengltexturedloader\simpleopengltexturedloader\debug\rock.obj
c:\users\utente\documents\github\openglproject\simpleopengltexturedloader\simpleopengltexturedloader\debug\score.obj
c:\users\utente\documents\github\openglproject\simpleopengltexturedloader\simpleopengltexturedloader\debug\ship.obj
c:\users\utente\documents\github\openglproject\simpleopengltexturedloader\simpleopengltexturedloader\debug\main.obj
c:\users\utente\documents\github\openglproject\simpleopengltexturedloader\simpleopengltexturedloader\debug\sounds.obj
c:\users\utente\documents\github\openglproject\simpleopengltexturedloader\simpleopengltexturedloader\debug\statemachine.obj
c:\users\utente\documents\github\openglproject\simpleopengltexturedloader\simpleopengltexturedloader\debug\simpleopengltexturedloader.ilk
c:\users\utente\documents\github\openglproject\simpleopengltexturedloader\debug\simpleopengltexturedloader.exe
c:\users\utente\documents\github\openglproject\simpleopengltexturedloader\debug\simpleopengltexturedloader.pdb
d:\openglproject\simpleopengltexturedloader\simpleopengltexturedloader\debug\animations.obj
d:\openglproject\simpleopengltexturedloader\simpleopengltexturedloader\debug\bullet.obj
d:\openglproject\simpleopengltexturedloader\simpleopengltexturedloader\debug\enemy.obj
d:\openglproject\simpleopengltexturedloader\simpleopengltexturedloader\debug\file.obj
d:\openglproject\simpleopengltexturedloader\simpleopengltexturedloader\debug\keyboard.obj
d:\openglproject\simpleopengltexturedloader\simpleopengltexturedloader\debug\main.obj
d:\openglproject\simpleopengltexturedloader\simpleopengltexturedloader\debug\mouse.obj
d:\openglproject\simpleopengltexturedloader\simpleopengltexturedloader\debug\powerup.obj
d:\openglproject\simpleopengltexturedloader\simpleopengltexturedloader\debug\render.obj
d:\openglproject\simpleopengltexturedloader\simpleopengltexturedloader\debug\rock.obj
d:\openglproject\simpleopengltexturedloader\simpleopengltexturedloader\debug\score.obj
d:\openglproject\simpleopengltexturedloader\simpleopengltexturedloader\debug\ship.obj
d:\openglproject\simpleopengltexturedloader\simpleopengltexturedloader\debug\sounds.obj
d:\openglproject\simpleopengltexturedloader\simpleopengltexturedloader\debug\statemachine.obj
d:\openglproject\simpleopengltexturedloader\simpleopengltexturedloader\debug\simpleopengltexturedloader.ilk
d:\openglproject\simpleopengltexturedloader\simpleopengltexturedloader\debug\vc143.idb
d:\openglproject\simpleopengltexturedloader\simpleopengltexturedloader\debug\vc143.pdb
d:\openglproject\simpleopengltexturedloader\debug\simpleopengltexturedloader.pdb
d:\openglproject\simpleopengltexturedloader\debug\simpleopengltexturedloader.exe
d:\openglproject\simpleopengltexturedloader\simpleopengltexturedloader\debug\simpleop.d64e9d0f.tlog\cl.command.1.tlog
d:\openglproject\simpleopengltexturedloader\simpleopengltexturedloader\debug\simpleop.d64e9d0f.tlog\cl.read.1.tlog
d:\openglproject\simpleopengltexturedloader\simpleopengltexturedloader\debug\simpleop.d64e9d0f.tlog\cl.write.1.tlog
d:\openglproject\simpleopengltexturedloader\simpleopengltexturedloader\debug\simpleop.d64e9d0f.tlog\link.command.1.tlog
d:\openglproject\simpleopengltexturedloader\simpleopengltexturedloader\debug\simpleop.d64e9d0f.tlog\link.read.1.tlog
d:\openglproject\simpleopengltexturedloader\simpleopengltexturedloader\debug\simpleop.d64e9d0f.tlog\link.write.1.tlog
