  Animations.cpp
  Bullet.cpp
  Enemy.cpp
  File.cpp
D:\OpenGLProject\SimpleOpenGLTexturedLoader\SimpleOpenGLTexturedLoader\File.cpp(73,14): warning C4996: 'ctime': This function or variable may be unsafe. Consider using ctime_s instead. To disable deprecation, use _CRT_SECURE_NO_WARNINGS. See online help for details.
  Keyboard.cpp
  Mouse.cpp
  PowerUp.cpp
  Render.cpp
  Rock.cpp
  Score.cpp
  Ship.cpp
  Main.cpp
  Sounds.cpp
  StateMachine.cpp
  Generazione codice in corso...
  Previous IPDB not found, fall back to full compilation.
  All 542 functions were compiled because no usable IPDB/IOBJ from previous compilation was found.
  Generazione codice terminata
  SimpleOpenGLTexturedLoader.vcxproj -> D:\OpenGLProject\SimpleOpenGLTexturedLoader\Release\SimpleOpenGLTexturedLoader.exe
