c:\users\utente\documents\github\openglproject\simpleopengltexturedloader\simpleopengltexturedloader\release\vc143.pdb
c:\users\utente\documents\github\openglproject\simpleopengltexturedloader\simpleopengltexturedloader\release\statemachine.obj
c:\users\utente\documents\github\openglproject\simpleopengltexturedloader\simpleopengltexturedloader\release\sounds.obj
c:\users\utente\documents\github\openglproject\simpleopengltexturedloader\simpleopengltexturedloader\release\main.obj
c:\users\utente\documents\github\openglproject\simpleopengltexturedloader\simpleopengltexturedloader\release\ship.obj
c:\users\utente\documents\github\openglproject\simpleopengltexturedloader\simpleopengltexturedloader\release\score.obj
c:\users\utente\documents\github\openglproject\simpleopengltexturedloader\simpleopengltexturedloader\release\rock.obj
c:\users\utente\documents\github\openglproject\simpleopengltexturedloader\simpleopengltexturedloader\release\render.obj
c:\users\utente\documents\github\openglproject\simpleopengltexturedloader\simpleopengltexturedloader\release\powerup.obj
c:\users\utente\documents\github\openglproject\simpleopengltexturedloader\simpleopengltexturedloader\release\mouse.obj
c:\users\utente\documents\github\openglproject\simpleopengltexturedloader\simpleopengltexturedloader\release\keyboard.obj
c:\users\utente\documents\github\openglproject\simpleopengltexturedloader\simpleopengltexturedloader\release\file.obj
c:\users\utente\documents\github\openglproject\simpleopengltexturedloader\simpleopengltexturedloader\release\enemy.obj
c:\users\utente\documents\github\openglproject\simpleopengltexturedloader\simpleopengltexturedloader\release\bullet.obj
c:\users\utente\documents\github\openglproject\simpleopengltexturedloader\simpleopengltexturedloader\release\animations.obj
c:\users\utente\documents\github\openglproject\simpleopengltexturedloader\release\simpleopengltexturedloader.exe
c:\users\utente\documents\github\openglproject\simpleopengltexturedloader\simpleopengltexturedloader\release\simpleopengltexturedloader.ipdb
c:\users\utente\documents\github\openglproject\simpleopengltexturedloader\simpleopengltexturedloader\release\simpleopengltexturedloader.iobj
c:\users\utente\documents\github\openglproject\simpleopengltexturedloader\release\simpleopengltexturedloader.pdb
d:\openglproject\simpleopengltexturedloader\simpleopengltexturedloader\release\animations.obj
d:\openglproject\simpleopengltexturedloader\simpleopengltexturedloader\release\bullet.obj
d:\openglproject\simpleopengltexturedloader\simpleopengltexturedloader\release\enemy.obj
d:\openglproject\simpleopengltexturedloader\simpleopengltexturedloader\release\file.obj
d:\openglproject\simpleopengltexturedloader\simpleopengltexturedloader\release\keyboard.obj
d:\openglproject\simpleopengltexturedloader\simpleopengltexturedloader\release\main.obj
d:\openglproject\simpleopengltexturedloader\simpleopengltexturedloader\release\mouse.obj
d:\openglproject\simpleopengltexturedloader\simpleopengltexturedloader\release\powerup.obj
d:\openglproject\simpleopengltexturedloader\simpleopengltexturedloader\release\render.obj
d:\openglproject\simpleopengltexturedloader\simpleopengltexturedloader\release\rock.obj
d:\openglproject\simpleopengltexturedloader\simpleopengltexturedloader\release\score.obj
d:\openglproject\simpleopengltexturedloader\simpleopengltexturedloader\release\ship.obj
d:\openglproject\simpleopengltexturedloader\simpleopengltexturedloader\release\sounds.obj
d:\openglproject\simpleopengltexturedloader\simpleopengltexturedloader\release\statemachine.obj
d:\openglproject\simpleopengltexturedloader\simpleopengltexturedloader\release\simpleopengltexturedloader.ipdb
d:\openglproject\simpleopengltexturedloader\simpleopengltexturedloader\release\simpleopengltexturedloader.iobj
d:\openglproject\simpleopengltexturedloader\simpleopengltexturedloader\release\vc143.pdb
d:\openglproject\simpleopengltexturedloader\release\simpleopengltexturedloader.pdb
d:\openglproject\simpleopengltexturedloader\release\simpleopengltexturedloader.exe
d:\openglproject\simpleopengltexturedloader\simpleopengltexturedloader\release\simpleop.d64e9d0f.tlog\cl.command.1.tlog
d:\openglproject\simpleopengltexturedloader\simpleopengltexturedloader\release\simpleop.d64e9d0f.tlog\cl.read.1.tlog
d:\openglproject\simpleopengltexturedloader\simpleopengltexturedloader\release\simpleop.d64e9d0f.tlog\cl.write.1.tlog
d:\openglproject\simpleopengltexturedloader\simpleopengltexturedloader\release\simpleop.d64e9d0f.tlog\link.command.1.tlog
d:\openglproject\simpleopengltexturedloader\simpleopengltexturedloader\release\simpleop.d64e9d0f.tlog\link.read.1.tlog
d:\openglproject\simpleopengltexturedloader\simpleopengltexturedloader\release\simpleop.d64e9d0f.tlog\link.write.1.tlog
